<?xml version="1.0" encoding="UTF-8"?>
<!-- Generated by org.testng.reporters.JUnitXMLReporter -->
<testsuite ignored="2" hostname="LAPTOP-6U1REMNB" failures="0" tests="1" name="Default test" time="5.138" errors="0" timestamp="2026-02-20T02:39:34 IST">
  <testcase classname="com.practise.DemoTest" name="selectDropDownTest" time="0.86"/>
  <testcase classname="com.practise.DemoTest" name="autoSuggetionDropDown" time="0.0">
    <ignored/>
  </testcase> <!-- autoSuggetionDropDown -->
  <testcase classname="com.practise.DemoTest" name="radioButtonTest" time="0.0">
    <ignored/>
  </testcase> <!-- radioButtonTest -->
</testsuite> <!-- Default test -->
