<?xml version="1.0" encoding="UTF-8"?>
<testng-results ignored="2" total="3" passed="1" failed="0" skipped="0">
  <reporter-output>
  </reporter-output>
  <suite started-at="2026-02-20T02:39:29 IST" name="Default suite" finished-at="2026-02-20T02:39:34 IST" duration-ms="5138">
    <groups>
    </groups>
    <test started-at="2026-02-20T02:39:29 IST" name="Default test" finished-at="2026-02-20T02:39:34 IST" duration-ms="5138">
      <class name="com.practise.DemoTest">
        <test-method is-config="true" signature="intializebrowser()[pri:0, instance:com.practise.DemoTest@4c583ecf]" started-at="2026-02-20T02:39:29 IST" name="intializebrowser" finished-at="2026-02-20T02:39:34 IST" duration-ms="4215" status="PASS">
          <reporter-output>
          </reporter-output>
        </test-method> <!-- intializebrowser -->
        <test-method signature="selectDropDownTest()[pri:0, instance:com.practise.DemoTest@4c583ecf]" started-at="2026-02-20T02:39:34 IST" name="selectDropDownTest" finished-at="2026-02-20T02:39:34 IST" duration-ms="860" status="PASS">
          <reporter-output>
          </reporter-output>
        </test-method> <!-- selectDropDownTest -->
      </class> <!-- com.practise.DemoTest -->
    </test> <!-- Default test -->
  </suite> <!-- Default suite -->
</testng-results>
